<?xml version="1.0" encoding="UTF-8"?>
<!-- Generated by org.testng.reporters.JUnitReportReporter -->
<testsuite skipped="0" hostname="Photon-Mac-mini.local" name="testScripts.UiKit" tests="1" failures="0" timestamp="19 Nov 2018 06:56:35 GMT" time="3.877" errors="0">
  <testcase name="search" time="3.877" classname="testScripts.UiKit"/>
</testsuite> <!-- testScripts.UiKit -->
